#
# There is insufficient memory for the Java Runtime Environment to continue.
# Native memory allocation (malloc) failed to allocate 102496 bytes for Chunk::new
# Possible reasons:
#   The system is out of physical RAM or swap space
#   The process is running with CompressedOops enabled, and the Java Heap may be blocking the growth of the native heap
# Possible solutions:
#   Reduce memory load on the system
#   Increase physical memory or swap space
#   Check if swap backing store is full
#   Decrease Java heap size (-Xmx/-Xms)
#   Decrease number of Java threads
#   Decrease Java thread stack sizes (-Xss)
#   Set larger code cache with -XX:ReservedCodeCacheSize=
#   JVM is running with Unscaled Compressed Oops mode in which the Java heap is
#     placed in the first 4GB address space. The Java Heap base address is the
#     maximum limit for the native heap growth. Please use -XX:HeapBaseMinAddress
#     to set the Java Heap base and to place the Java Heap above 4GB virtual address.
# This output file may be truncated or incomplete.
#
#  Out of Memory Error (allocation.cpp:389), pid=23592, tid=0x0000000000004e98
#
# JRE version: OpenJDK Runtime Environment (8.0_202-b08) (build 1.8.0_202-b08)
# Java VM: OpenJDK 64-Bit Server VM (25.202-b08 mixed mode windows-amd64 compressed oops)
# Failed to write core dump. Minidumps are not enabled by default on client versions of Windows
#

---------------  T H R E A D  ---------------

Current thread (0x0000000019119000):  JavaThread "C2 CompilerThread1" daemon [_thread_in_native, id=20120, stack(0x000000001ae70000,0x000000001af70000)]

Stack: [0x000000001ae70000,0x000000001af70000]
[error occurred during error reporting (printing stack bounds), id 0xc0000005]

Native frames: (J=compiled Java code, j=interpreted, Vv=VM code, C=native code)


Current CompileTask:
C2:7877495  208       4       org.eclipse.jdt.launching.internal.org.objectweb.asm.ClassReader::readUtf (44 bytes)


---------------  P R O C E S S  ---------------

Java Threads: ( => current thread )
  0x0000000019187800 JavaThread "Service Thread" daemon [_thread_blocked, id=24420, stack(0x000000001b170000,0x000000001b270000)]
  0x0000000019108800 JavaThread "C1 CompilerThread3" daemon [_thread_blocked, id=23464, stack(0x000000001b070000,0x000000001b170000)]
  0x0000000019105800 JavaThread "C2 CompilerThread2" daemon [_thread_blocked, id=7796, stack(0x000000001af70000,0x000000001b070000)]
=>0x0000000019119000 JavaThread "C2 CompilerThread1" daemon [_thread_in_native, id=20120, stack(0x000000001ae70000,0x000000001af70000)]
  0x0000000019118000 JavaThread "C2 CompilerThread0" daemon [_thread_blocked, id=14404, stack(0x000000001ad70000,0x000000001ae70000)]
  0x000000001900e800 JavaThread "JDWP Command Reader" daemon [_thread_in_native, id=13996, stack(0x000000001ac70000,0x000000001ad70000)]
  0x0000000019007000 JavaThread "JDWP Event Helper Thread" daemon [_thread_blocked, id=5576, stack(0x000000001ab70000,0x000000001ac70000)]
  0x0000000017908000 JavaThread "JDWP Transport Listener: dt_socket" daemon [_thread_blocked, id=24388, stack(0x000000001a670000,0x000000001a770000)]
  0x0000000018ff0000 JavaThread "Attach Listener" daemon [_thread_blocked, id=17504, stack(0x000000001a570000,0x000000001a670000)]
  0x0000000018fff800 JavaThread "Signal Dispatcher" daemon [_thread_blocked, id=22736, stack(0x000000001a470000,0x000000001a570000)]
  0x00000000027ee000 JavaThread "Finalizer" daemon [_thread_blocked, id=24220, stack(0x000000001a270000,0x000000001a370000)]
  0x0000000018fe3000 JavaThread "Reference Handler" daemon [_thread_blocked, id=18960, stack(0x000000001a170000,0x000000001a270000)]
  0x00000000026f3800 JavaThread "main" [_thread_in_native, id=19732, stack(0x0000000002400000,0x0000000002500000)]

Other Threads:
  0x00000000178f5800 VMThread [stack: 0x000000001a070000,0x000000001a170000] [id=2184]
  0x000000001918b000 WatcherThread [stack: 0x000000001b270000,0x000000001b370000] [id=15808]

VM state:not at safepoint (normal execution)

VM Mutex/Monitor currently owned by a thread: None

heap address: 0x0000000082400000, size: 2012 MB, Compressed Oops mode: 32-bit
Narrow klass base: 0x0000000000000000, Narrow klass shift: 3
Compressed class space size: 1073741824 Address: 0x0000000100000000

Heap:
 PSYoungGen      total 37888K, used 7266K [0x00000000d6180000, 0x00000000d8b80000, 0x0000000100000000)
  eden space 32768K, 22% used [0x00000000d6180000,0x00000000d6898a78,0x00000000d8180000)
  from space 5120K, 0% used [0x00000000d8680000,0x00000000d8680000,0x00000000d8b80000)
  to   space 5120K, 0% used [0x00000000d8180000,0x00000000d8180000,0x00000000d8680000)
 ParOldGen       total 86016K, used 0K [0x0000000082400000, 0x0000000087800000, 0x00000000d6180000)
  object space 86016K, 0% used [0x0000000082400000,0x0000000082400000,0x0000000087800000)
 Metaspace       used 5548K, capacity 5670K, committed 5760K, reserved 1056768K
  class space    used 573K, capacity 593K, committed 640K, reserved 1048576K

Card table byte_map: [0x0000000011bb0000,0x0000000011fa0000] byte_map_base: 0x000000001179e000

Marking Bits: (ParMarkBitMap*) 0x000000006615af30
 Begin Bits: [0x0000000012c40000, 0x0000000014bb0000)
 End Bits:   [0x0000000014bb0000, 0x0000000016b20000)

Polling page: 0x0000000000530000

CodeCache: size=245760Kb used=1761Kb max_used=1766Kb free=243998Kb
 bounds [0x00000000027f0000, 0x0000000002a60000, 0x00000000117f0000]
 total_blobs=499 nmethods=210 adapters=211
 compilation: enabled

Compilation events (10 events):
Event: 7877.485 Thread 0x0000000019119000  208       4       org.eclipse.jdt.launching.internal.org.objectweb.asm.ClassReader::readUtf (44 bytes)
Event: 7877.485 Thread 0x0000000019105800  209       4       org.eclipse.jdt.launching.internal.org.objectweb.asm.ByteVector::putByte (39 bytes)
Event: 7877.488 Thread 0x0000000019108800 nmethod 206 0x00000000029a5190 code [0x00000000029a5460, 0x00000000029a6c88]
Event: 7877.488 Thread 0x0000000019108800  207       3       org.eclipse.jdt.launching.internal.org.objectweb.asm.MethodWriter::putFrameType (83 bytes)
Event: 7877.488 Thread 0x0000000019105800 nmethod 209 0x00000000029a9ad0 code [0x00000000029a9c20, 0x00000000029a9d88]
Event: 7877.489 Thread 0x0000000019108800 nmethod 207 0x00000000029a4210 code [0x00000000029a4420, 0x00000000029a4e38]
Event: 7877.489 Thread 0x0000000019108800  211       1       org.eclipse.jdt.launching.internal.org.objectweb.asm.MethodWriter::hasAsmInstructions (5 bytes)
Event: 7877.489 Thread 0x0000000019108800 nmethod 211 0x00000000029a3f50 code [0x00000000029a40a0, 0x00000000029a41b0]
Event: 7877.489 Thread 0x0000000019108800  210       3       org.eclipse.jdt.launching.internal.org.objectweb.asm.MethodWriter::visitIntInsn (113 bytes)
Event: 7877.490 Thread 0x0000000019108800 nmethod 210 0x00000000029a9250 code [0x00000000029a93e0, 0x00000000029a9968]

GC Heap History (0 events):
No events

Deoptimization events (0 events):
No events

Classes redefined (3 events):
Event: 60.612 Thread 0x00000000178f5800 redefined class name=chess.Board, count=1
Event: 7829.469 Thread 0x00000000178f5800 redefined class name=chess.Board, count=2
Event: 7877.488 Thread 0x00000000178f5800 redefined class name=chess.Board, count=3

Internal exceptions (8 events):
Event: 0.055 Thread 0x00000000026f3800 Exception <a 'java/lang/NoSuchMethodError': Method sun.misc.Unsafe.defineClass(Ljava/lang/String;[BII)Ljava/lang/Class; name or signature does not match> (0x00000000d6188278) thrown at [C:\OpenJDK\correttou202\src\hotspot\src\share\vm\prims\jni.cpp, line 
Event: 0.055 Thread 0x00000000026f3800 Exception <a 'java/lang/NoSuchMethodError': Method sun.misc.Unsafe.prefetchRead(Ljava/lang/Object;J)V name or signature does not match> (0x00000000d6188560) thrown at [C:\OpenJDK\correttou202\src\hotspot\src\share\vm\prims\jni.cpp, line 4012]
Event: 0.497 Thread 0x00000000026f3800 Exception <a 'java/security/PrivilegedActionException'> (0x00000000d67add80) thrown at [C:\OpenJDK\correttou202\src\hotspot\src\share\vm\prims\jvm.cpp, line 1502]
Event: 0.497 Thread 0x00000000026f3800 Exception <a 'java/security/PrivilegedActionException'> (0x00000000d67ae178) thrown at [C:\OpenJDK\correttou202\src\hotspot\src\share\vm\prims\jvm.cpp, line 1502]
Event: 0.498 Thread 0x00000000026f3800 Exception <a 'java/security/PrivilegedActionException'> (0x00000000d67b20d0) thrown at [C:\OpenJDK\correttou202\src\hotspot\src\share\vm\prims\jvm.cpp, line 1502]
Event: 0.498 Thread 0x00000000026f3800 Exception <a 'java/security/PrivilegedActionException'> (0x00000000d67b24c8) thrown at [C:\OpenJDK\correttou202\src\hotspot\src\share\vm\prims\jvm.cpp, line 1502]
Event: 0.498 Thread 0x00000000026f3800 Exception <a 'java/security/PrivilegedActionException'> (0x00000000d67b3c70) thrown at [C:\OpenJDK\correttou202\src\hotspot\src\share\vm\prims\jvm.cpp, line 1502]
Event: 0.498 Thread 0x00000000026f3800 Exception <a 'java/security/PrivilegedActionException'> (0x00000000d67b4068) thrown at [C:\OpenJDK\correttou202\src\hotspot\src\share\vm\prims\jvm.cpp, line 1502]

Events (10 events):
Event: 4.490 Executing VM operation: EnableBiasedLocking
Event: 4.490 Executing VM operation: EnableBiasedLocking done
Event: 11.392 loading class chess/ChessPieceBehaviors
Event: 11.392 loading class chess/ChessPieceBehaviors done
Event: 60.611 Executing VM operation: RedefineClasses
Event: 60.612 Executing VM operation: RedefineClasses done
Event: 7829.462 Executing VM operation: RedefineClasses
Event: 7829.469 Executing VM operation: RedefineClasses done
Event: 7877.486 Executing VM operation: RedefineClasses
Event: 7877.488 Executing VM operation: RedefineClasses done


Dynamic libraries:
0x00007ff661430000 - 0x00007ff661465000 	C:\Program Files\Amazon Corretto\jdk1.8.0_202\bin\javaw.exe
0x00007ff8248e0000 - 0x00007ff824ad0000 	C:\WINDOWS\SYSTEM32\ntdll.dll
0x00007ff8231d0000 - 0x00007ff823282000 	C:\WINDOWS\System32\KERNEL32.DLL
0x00007ff821ad0000 - 0x00007ff821d73000 	C:\WINDOWS\System32\KERNELBASE.dll
0x00007ff823ec0000 - 0x00007ff823f63000 	C:\WINDOWS\System32\ADVAPI32.dll
0x00007ff822b30000 - 0x00007ff822bce000 	C:\WINDOWS\System32\msvcrt.dll
0x00007ff8245d0000 - 0x00007ff824667000 	C:\WINDOWS\System32\sechost.dll
0x00007ff823000000 - 0x00007ff823120000 	C:\WINDOWS\System32\RPCRT4.dll
0x00007ff822990000 - 0x00007ff822b24000 	C:\WINDOWS\System32\USER32.dll
0x00007ff822020000 - 0x00007ff822041000 	C:\WINDOWS\System32\win32u.dll
0x00007ff8231a0000 - 0x00007ff8231c6000 	C:\WINDOWS\System32\GDI32.dll
0x00007ff822050000 - 0x00007ff8221e4000 	C:\WINDOWS\System32\gdi32full.dll
0x00007ff821870000 - 0x00007ff82190e000 	C:\WINDOWS\System32\msvcp_win.dll
0x00007ff821dd0000 - 0x00007ff821eca000 	C:\WINDOWS\System32\ucrtbase.dll
0x00007ff80b1c0000 - 0x00007ff80b445000 	C:\WINDOWS\WinSxS\amd64_microsoft.windows.common-controls_6595b64144ccf1df_6.0.18362.657_none_e6c5b579130e3898\COMCTL32.dll
0x00007ff822c60000 - 0x00007ff822f96000 	C:\WINDOWS\System32\combase.dll
0x00007ff821910000 - 0x00007ff821990000 	C:\WINDOWS\System32\bcryptPrimitives.dll
0x00007ff822bd0000 - 0x00007ff822bfe000 	C:\WINDOWS\System32\IMM32.DLL
0x0000000068750000 - 0x0000000068822000 	C:\Program Files\Amazon Corretto\jdk1.8.0_202\jre\bin\msvcr100.dll
0x0000000065990000 - 0x00000000661d7000 	C:\Program Files\Amazon Corretto\jdk1.8.0_202\jre\bin\server\jvm.dll
0x00007ff8245c0000 - 0x00007ff8245c8000 	C:\WINDOWS\System32\PSAPI.DLL
0x00007ff818ef0000 - 0x00007ff818f14000 	C:\WINDOWS\SYSTEM32\WINMM.dll
0x00007ff81c760000 - 0x00007ff81c76a000 	C:\WINDOWS\SYSTEM32\VERSION.dll
0x00007ff81ee70000 - 0x00007ff81ee79000 	C:\WINDOWS\SYSTEM32\WSOCK32.dll
0x00007ff824520000 - 0x00007ff82458f000 	C:\WINDOWS\System32\WS2_32.dll
0x00007ff818cb0000 - 0x00007ff818cdd000 	C:\WINDOWS\SYSTEM32\winmmbase.dll
0x00007ff821d80000 - 0x00007ff821dca000 	C:\WINDOWS\System32\cfgmgr32.dll
0x00007ff820410000 - 0x00007ff82041f000 	C:\Program Files\Amazon Corretto\jdk1.8.0_202\jre\bin\verify.dll
0x00007ff8078c0000 - 0x00007ff8078e9000 	C:\Program Files\Amazon Corretto\jdk1.8.0_202\jre\bin\java.dll
0x00007ff81ef30000 - 0x00007ff81ef65000 	C:\Program Files\Amazon Corretto\jdk1.8.0_202\jre\bin\jdwp.dll
0x00007ff81ef20000 - 0x00007ff81ef28000 	C:\Program Files\Amazon Corretto\jdk1.8.0_202\jre\bin\npt.dll
0x00007ff81eef0000 - 0x00007ff81ef13000 	C:\Program Files\Amazon Corretto\jdk1.8.0_202\jre\bin\instrument.dll
0x00007ff81ccf0000 - 0x00007ff81cd06000 	C:\Program Files\Amazon Corretto\jdk1.8.0_202\jre\bin\zip.dll
0x00007ff8237d0000 - 0x00007ff823eb5000 	C:\WINDOWS\System32\SHELL32.dll
0x00007ff824470000 - 0x00007ff824519000 	C:\WINDOWS\System32\shcore.dll
0x00007ff8221f0000 - 0x00007ff82296f000 	C:\WINDOWS\System32\windows.storage.dll
0x00007ff821850000 - 0x00007ff82186f000 	C:\WINDOWS\System32\profapi.dll
0x00007ff8217e0000 - 0x00007ff82182a000 	C:\WINDOWS\System32\powrprof.dll
0x00007ff8217b0000 - 0x00007ff8217c0000 	C:\WINDOWS\System32\UMPDC.dll
0x00007ff822fa0000 - 0x00007ff822ff2000 	C:\WINDOWS\System32\shlwapi.dll
0x00007ff8217c0000 - 0x00007ff8217d1000 	C:\WINDOWS\System32\kernel.appcore.dll
0x00007ff822970000 - 0x00007ff822987000 	C:\WINDOWS\System32\cryptsp.dll
0x00007ff81eee0000 - 0x00007ff81eee9000 	C:\Program Files\Amazon Corretto\jdk1.8.0_202\jre\bin\dt_socket.dll
0x00007ff801030000 - 0x00007ff801046000 	C:\WINDOWS\system32\napinsp.dll
0x00007ff800fe0000 - 0x00007ff800ffa000 	C:\WINDOWS\system32\pnrpnsp.dll
0x00007ff821020000 - 0x00007ff821087000 	C:\WINDOWS\System32\mswsock.dll
0x00007ff820d70000 - 0x00007ff820e3a000 	C:\WINDOWS\SYSTEM32\DNSAPI.dll
0x00007ff8245b0000 - 0x00007ff8245b8000 	C:\WINDOWS\System32\NSI.dll
0x00007ff820d30000 - 0x00007ff820d6a000 	C:\WINDOWS\SYSTEM32\IPHLPAPI.DLL
0x00007ff813180000 - 0x00007ff81318e000 	C:\WINDOWS\System32\winrnr.dll
0x00007ff81c730000 - 0x00007ff81c74c000 	C:\WINDOWS\system32\NLAapi.dll
0x00007ff800fc0000 - 0x00007ff800fd5000 	C:\WINDOWS\system32\wshbth.dll
0x0000000067c50000 - 0x0000000067c85000 	C:\Program Files\Bonjour\mdnsNSP.dll
0x00007ff81a790000 - 0x00007ff81a807000 	C:\WINDOWS\System32\fwpuclnt.dll
0x00007ff821990000 - 0x00007ff8219b6000 	C:\WINDOWS\System32\bcrypt.dll
0x00007ff818c80000 - 0x00007ff818c8a000 	C:\Windows\System32\rasadhlp.dll

VM Arguments:
jvm_args: -agentlib:jdwp=transport=dt_socket,suspend=y,address=localhost:54736 -javaagent:C:\Users\Asus\Downloads\eclipse-java-2018-12-R-win32-x86_64\eclipse\configuration\org.eclipse.osgi\221\0\.cp\lib\javaagent-shaded.jar -Dfile.encoding=Cp1252 
java_command: chess.Main
java_class_path (initial): D:\kuliah\Semester 4\Code Reengineering\Tugas\chess_project\bin;C:\Users\Asus\Downloads\eclipse-java-2018-12-R-win32-x86_64\eclipse\configuration\org.eclipse.osgi\221\0\.cp\lib\javaagent-shaded.jar
Launcher Type: SUN_STANDARD

Environment Variables:
JAVA_HOME=C:\Program Files\Amazon Corretto\jdk1.8.0_202
USERNAME=Asus
OS=Windows_NT
PROCESSOR_IDENTIFIER=Intel64 Family 6 Model 158 Stepping 10, GenuineIntel



---------------  S Y S T E M  ---------------

OS: Windows 10.0 , 64 bit Build 18362 (10.0.18362.329)

CPU:total 12 (initial active 12) (6 cores per cpu, 2 threads per core) family 6 model 158 stepping 10, cmov, cx8, fxsr, mmx, sse, sse2, sse3, ssse3, sse4.1, sse4.2, popcnt, avx, avx2, aes, clmul, erms, 3dnowpref, lzcnt, ht, tsc, tscinvbit, bmi1, bmi2, adx

Memory: 4k page, physical 8239352k(1539980k free), swap 23730804k(104k free)

vm_info: OpenJDK 64-Bit Server VM (25.202-b08) for windows-amd64 JRE (1.8.0_202-b08), built on Jan 23 2019 22:53:35 by "Administrator" with MS VC++ 10.0 (VS2010)

time: Fri Mar 06 21:34:07 2020
timezone: SE Asia Standard Time
elapsed time: 7877 seconds (0d 2h 11m 17s)

